{
  "RSpec": {
    "coverage": {
      "/home/fiona/ruby/fiona_app/config/environment.rb": [
        null,
        1,
        null,
        null,
        1
      ],
      "/home/fiona/ruby/fiona_app/config/application.rb": [
        1,
        null,
        1,
        null,
        null,
        null,
        1,
        null,
        1,
        1,
        null,
        null,
        null,
        null,
        null,
        null,
        null,
        null,
        null,
        null,
        null,
        null,
        null
      ],
      "/home/fiona/ruby/fiona_app/config/boot.rb": [
        null,
        1,
        null,
        1
      ],
      "/home/fiona/ruby/fiona_app/config/environments/test.rb": [
        1,
        null,
        null,
        null,
        null,
        null,
        null,
        1,
        null,
        null,
        null,
        null,
        1,
        null,
        null,
        1,
        1,
        null,
        null,
        1,
        1,
        null,
        null,
        1,
        null,
        null,
        1,
        null,
        null,
        null,
        null,
        1,
        null,
        null,
        1,
        null,
        null,
        null,
        null
      ],
      "/home/fiona/ruby/fiona_app/config/initializers/backtrace_silencers.rb": [
        null,
        null,
        null,
        null,
        null,
        null,
        null
      ],
      "/home/fiona/ruby/fiona_app/config/initializers/cookies_serializer.rb": [
        null,
        null,
        1
      ],
      "/home/fiona/ruby/fiona_app/config/initializers/filter_parameter_logging.rb": [
        null,
        null,
        null,
        1
      ],
      "/home/fiona/ruby/fiona_app/config/initializers/inflections.rb": [
        null,
        null,
        null,
        null,
        null,
        null,
        null,
        null,
        null,
        null,
        null,
        null,
        null,
        null,
        null,
        null
      ],
      "/home/fiona/ruby/fiona_app/config/initializers/mime_types.rb": [
        null,
        null,
        null,
        null
      ],
      "/home/fiona/ruby/fiona_app/config/initializers/session_store.rb": [
        null,
        null,
        1
      ],
      "/home/fiona/ruby/fiona_app/config/initializers/simple_form.rb": [
        null,
        1,
        null,
        null,
        null,
        null,
        null,
        1,
        null,
        null,
        null,
        null,
        null,
        null,
        null,
        null,
        null,
        1,
        null,
        null,
        null,
        1,
        null,
        null,
        null,
        null,
        null,
        null,
        null,
        null,
        1,
        null,
        null,
        1,
        null,
        null,
        1,
        null,
        null,
        1,
        null,
        null,
        1,
        1,
        1,
        null,
        null,
        null,
        1,
        null,
        null,
        null,
        null,
        null,
        1,
        null,
        null,
        1,
        null,
        null,
        null,
        null,
        null,
        null,
        null,
        1,
        null,
        null,
        1,
        null,
        null,
        null,
        null,
        null,
        null,
        null,
        null,
        null,
        null,
        null,
        null,
        null,
        null,
        null,
        null,
        null,
        null,
        null,
        null,
        null,
        null,
        null,
        null,
        null,
        null,
        null,
        null,
        1,
        null,
        null,
        null,
        null,
        null,
        null,
        null,
        null,
        null,
        null,
        null,
        null,
        null,
        null,
        null,
        1,
        null,
        null,
        null,
        null,
        null,
        null,
        null,
        null,
        null,
        null,
        null,
        null,
        null,
        null,
        null,
        null,
        null,
        null,
        null,
        null,
        null,
        null,
        null,
        null,
        null,
        null,
        null,
        null,
        null,
        null,
        null
      ],
      "/home/fiona/ruby/fiona_app/config/initializers/wrap_parameters.rb": [
        null,
        null,
        null,
        null,
        null,
        null,
        1,
        1,
        null,
        null,
        null,
        null,
        null,
        null
      ],
      "/home/fiona/ruby/fiona_app/spec/factories/actors.rb": [
        1,
        1,
        6,
        null,
        null,
        null
      ],
      "/home/fiona/ruby/fiona_app/spec/factories/movies.rb": [
        1,
        1,
        1,
        null,
        null,
        1,
        1,
        0,
        null,
        null,
        null,
        1,
        1,
        0,
        null,
        null,
        null,
        null
      ],
      "/home/fiona/ruby/fiona_app/spec/factories/songs.rb": [
        1,
        1,
        1,
        1,
        1,
        null,
        null
      ],
      "/home/fiona/ruby/fiona_app/spec/factories/users.rb": [
        1,
        1,
        1,
        null,
        null
      ],
      "/home/fiona/ruby/fiona_app/config/routes.rb": [
        1,
        1,
        1,
        1,
        null,
        null,
        null,
        null,
        null,
        null,
        null,
        null,
        null,
        null,
        null,
        null,
        null,
        null,
        null,
        null,
        null,
        null,
        null,
        null,
        null,
        null,
        null,
        null,
        null,
        null,
        null,
        null,
        null,
        null,
        null,
        null,
        null,
        null,
        null,
        null,
        null,
        null,
        null,
        null,
        null,
        null,
        null,
        null,
        null,
        null,
        null,
        null,
        null,
        null,
        null,
        null,
        null,
        null,
        null
      ],
      "/home/fiona/ruby/fiona_app/app/helpers/actors_helper.rb": [
        1,
        null
      ],
      "/home/fiona/ruby/fiona_app/app/helpers/application_helper.rb": [
        1,
        null
      ],
      "/home/fiona/ruby/fiona_app/app/helpers/movies_helper.rb": [
        1,
        null
      ],
      "/home/fiona/ruby/fiona_app/app/helpers/users_helper.rb": [
        1,
        null
      ],
      "/home/fiona/ruby/fiona_app/app/controllers/actors_controller.rb": [
        1,
        1,
        1,
        null,
        1,
        1,
        1,
        null,
        1,
        1,
        null,
        null,
        1,
        null,
        2,
        2,
        1,
        null,
        1,
        null,
        null,
        null,
        null,
        1,
        2,
        2,
        null,
        1,
        1,
        null,
        1,
        null,
        null,
        1,
        1,
        1,
        1,
        null,
        1,
        2,
        2,
        2,
        1,
        null,
        1,
        null,
        null,
        null
      ],
      "/home/fiona/ruby/fiona_app/app/controllers/application_controller.rb": [
        1,
        null,
        null,
        1,
        null
      ],
      "/home/fiona/ruby/fiona_app/app/models/actor.rb": [
        1,
        1,
        1,
        1,
        null
      ],
      "/home/fiona/ruby/fiona_app/app/models/movie_actor.rb": [
        1,
        1,
        1,
        null
      ],
      "/home/fiona/ruby/fiona_app/app/models/movie.rb": [
        1,
        1,
        1,
        1,
        1,
        null,
        null,
        1,
        null,
        null,
        null,
        1,
        null,
        null,
        null,
        1,
        1,
        0,
        0,
        0,
        0,
        null,
        null,
        null,
        1,
        0,
        null,
        1,
        0,
        null,
        null,
        1,
        0,
        null,
        1,
        0,
        null,
        null
      ]
    },
    "timestamp": 1402883228
  }
}
